0 info it worked if it ends with ok
1 verbose cli [ '/usr/local/bin/node', '/usr/local/bin/npm', 'run', 'dev' ]
2 info using npm@3.3.6
3 info using node@v5.0.0
4 verbose run-script [ 'predev', 'dev', 'postdev' ]
5 info lifecycle peat_api@1.0.0~predev: peat_api@1.0.0
6 silly lifecycle peat_api@1.0.0~predev: no script for predev, continuing
7 info lifecycle peat_api@1.0.0~dev: peat_api@1.0.0
8 verbose lifecycle peat_api@1.0.0~dev: unsafe-perm in lifecycle true
9 verbose lifecycle peat_api@1.0.0~dev: PATH: /usr/local/lib/node_modules/npm/bin/node-gyp-bin:/Users/MattBarth/Desktop/development/peat/peat-api/node_modules/.bin:/usr/local/bin:/opt/local/bin:/opt/local/sbin:/Users/MattBarth/.rvm/gems/ruby-2.2.0/bin:/Users/MattBarth/.rvm/gems/ruby-2.2.0@global/bin:/Users/MattBarth/.rvm/rubies/ruby-2.2.0/bin:/Users/MattBarth/Library/Enthought/Canopy_64bit/User/bin:/usr/local/bin:/usr/bin:/bin:/usr/sbin:/sbin:/opt/X11/bin:/Users/MattBarth/.rvm/bin:/Users/MattBarth/desktop/development/mad_glory/ferro/bin
10 verbose lifecycle peat_api@1.0.0~dev: CWD: /Users/MattBarth/Desktop/development/peat/peat-api
11 silly lifecycle peat_api@1.0.0~dev: Args: [ '-c',
11 silly lifecycle   'NODE_ENV=development API_PASSWORD=fartpoop JWT_SECRET_TOKEN=secretStringFTW nodemon app.js' ]
12 silly lifecycle peat_api@1.0.0~dev: Returned: code: 1  signal: null
13 info lifecycle peat_api@1.0.0~dev: Failed to exec dev script
14 verbose stack Error: peat_api@1.0.0 dev: `NODE_ENV=development API_PASSWORD=fartpoop JWT_SECRET_TOKEN=secretStringFTW nodemon app.js`
14 verbose stack Exit status 1
14 verbose stack     at EventEmitter.<anonymous> (/usr/local/lib/node_modules/npm/lib/utils/lifecycle.js:233:16)
14 verbose stack     at emitTwo (events.js:87:13)
14 verbose stack     at EventEmitter.emit (events.js:172:7)
14 verbose stack     at ChildProcess.<anonymous> (/usr/local/lib/node_modules/npm/lib/utils/spawn.js:24:14)
14 verbose stack     at emitTwo (events.js:87:13)
14 verbose stack     at ChildProcess.emit (events.js:172:7)
14 verbose stack     at maybeClose (internal/child_process.js:818:16)
14 verbose stack     at Process.ChildProcess._handle.onexit (internal/child_process.js:211:5)
15 verbose pkgid peat_api@1.0.0
16 verbose cwd /Users/MattBarth/Desktop/development/peat/peat-api
17 error Darwin 15.2.0
18 error argv "/usr/local/bin/node" "/usr/local/bin/npm" "run" "dev"
19 error node v5.0.0
20 error npm  v3.3.6
21 error code ELIFECYCLE
22 error peat_api@1.0.0 dev: `NODE_ENV=development API_PASSWORD=fartpoop JWT_SECRET_TOKEN=secretStringFTW nodemon app.js`
22 error Exit status 1
23 error Failed at the peat_api@1.0.0 dev script 'NODE_ENV=development API_PASSWORD=fartpoop JWT_SECRET_TOKEN=secretStringFTW nodemon app.js'.
23 error This is most likely a problem with the peat_api package,
23 error not with npm itself.
23 error Tell the author that this fails on your system:
23 error     NODE_ENV=development API_PASSWORD=fartpoop JWT_SECRET_TOKEN=secretStringFTW nodemon app.js
23 error You can get their info via:
23 error     npm owner ls peat_api
23 error There is likely additional logging output above.
24 verbose exit [ 1, true ]
