0 info it worked if it ends with ok
1 verbose cli [ '/usr/local/bin/node', '/usr/local/bin/npm', 'run', 'seed' ]
2 info using npm@3.3.6
3 info using node@v5.0.0
4 verbose run-script [ 'preseed', 'seed', 'postseed' ]
5 info lifecycle peat_api@1.0.0~preseed: peat_api@1.0.0
6 silly lifecycle peat_api@1.0.0~preseed: no script for preseed, continuing
7 info lifecycle peat_api@1.0.0~seed: peat_api@1.0.0
8 verbose lifecycle peat_api@1.0.0~seed: unsafe-perm in lifecycle true
9 verbose lifecycle peat_api@1.0.0~seed: PATH: /usr/local/lib/node_modules/npm/bin/node-gyp-bin:/Users/MattBarth/Desktop/development/peat/peat-api/node_modules/.bin:/usr/local/bin:/opt/local/bin:/opt/local/sbin:/usr/local/bin:/usr/bin:/bin:/usr/sbin:/sbin:/opt/X11/bin
10 verbose lifecycle peat_api@1.0.0~seed: CWD: /Users/MattBarth/Desktop/development/peat/peat-api
11 silly lifecycle peat_api@1.0.0~seed: Args: [ '-c', 'node seed.js' ]
12 silly lifecycle peat_api@1.0.0~seed: Returned: code: 1  signal: null
13 info lifecycle peat_api@1.0.0~seed: Failed to exec seed script
14 verbose stack Error: peat_api@1.0.0 seed: `node seed.js`
14 verbose stack Exit status 1
14 verbose stack     at EventEmitter.<anonymous> (/usr/local/lib/node_modules/npm/lib/utils/lifecycle.js:233:16)
14 verbose stack     at emitTwo (events.js:87:13)
14 verbose stack     at EventEmitter.emit (events.js:172:7)
14 verbose stack     at ChildProcess.<anonymous> (/usr/local/lib/node_modules/npm/lib/utils/spawn.js:24:14)
14 verbose stack     at emitTwo (events.js:87:13)
14 verbose stack     at ChildProcess.emit (events.js:172:7)
14 verbose stack     at maybeClose (internal/child_process.js:818:16)
14 verbose stack     at Process.ChildProcess._handle.onexit (internal/child_process.js:211:5)
15 verbose pkgid peat_api@1.0.0
16 verbose cwd /Users/MattBarth/Desktop/development/peat/peat-api/seed
17 error Darwin 15.2.0
18 error argv "/usr/local/bin/node" "/usr/local/bin/npm" "run" "seed"
19 error node v5.0.0
20 error npm  v3.3.6
21 error code ELIFECYCLE
22 error peat_api@1.0.0 seed: `node seed.js`
22 error Exit status 1
23 error Failed at the peat_api@1.0.0 seed script 'node seed.js'.
23 error This is most likely a problem with the peat_api package,
23 error not with npm itself.
23 error Tell the author that this fails on your system:
23 error     node seed.js
23 error You can get their info via:
23 error     npm owner ls peat_api
23 error There is likely additional logging output above.
24 verbose exit [ 1, true ]
